<?xml version="1.0" encoding="UTF-8" ?>
<testsuite failures="0" time="0" errors="0" skipped="0" tests="0" name="dk.webdriver.framework.dk_framework.SuiteTest">
  <properties>
    <property name="PROCESSOR_ARCHITECTURE" value="x86"/>
    <property name="file.encoding.pkg" value="sun.io"/>
    <property name="LOGONSERVER" value="\\HELLO-PC"/>
    <property name="ProgramData" value="C:\ProgramData"/>
    <property name="java.home" value="c:\Program Files\Java\jdk1.7.0\jre"/>
    <property name="TITLE" value="Tomcat"/>
    <property name="NODE_NAME" value="master"/>
    <property name="COMMANDER_INI" value="C:\Users\Hello\AppData\Roaming\GHISLER\wincmd.ini"/>
    <property name="JENKINS_URL" value="http://localhost:8080/jenkins/"/>
    <property name="CATALINA_HOME" value="c:\apache-tomcat-7.0.54"/>
    <property name="ALLUSERSPROFILE" value="C:\ProgramData"/>
    <property name="java.endorsed.dirs" value="c:\Program Files\Java\jdk1.7.0\jre\lib\endorsed"/>
    <property name="PSModulePath" value="C:\Windows\system32\WindowsPowerShell\v1.0\Modules\"/>
    <property name="=::" value="::\"/>
    <property name="USERDOMAIN" value="Hello-PC"/>
    <property name="sun.os.patch.level" value="Service Pack 1"/>
    <property name="java.vendor.url" value="http://java.oracle.com/"/>
    <property name="JAVA_OPTS" value=" -Djava.util.logging.config.file=&quot;c:\apache-tomcat-7.0.54\conf\logging.properties&quot; -Djava.util.logging.manager=org.apache.juli.ClassLoaderLogManager"/>
    <property name="VS90COMNTOOLS" value="C:\Program Files\Microsoft Visual Studio 9.0\Common7\Tools\"/>
    <property name="java.version" value="1.7.0"/>
    <property name="JOB_NAME" value="Jobr"/>
    <property name="COMPUTERNAME" value="HELLO-PC"/>
    <property name="windows_tracing_logfile" value="C:\BVTBin\Tests\installpackage\csilogfile.log"/>
    <property name="EXECUTABLE" value="c:\apache-tomcat-7.0.54\bin\catalina.bat"/>
    <property name="java.vendor.url.bug" value="http://bugreport.sun.com/bugreport/"/>
    <property name="PUBLIC" value="C:\Users\Public"/>
    <property name="SHIM_MCCOMPAT" value="0x810000001"/>
    <property name="COMMANDER_DRIVE" value="C:"/>
    <property name="VS120COMNTOOLS" value="C:\Program Files\Microsoft Visual Studio 12.0\Common7\Tools\"/>
    <property name="user.name" value="Hello"/>
    <property name="sun.io.unicode.encoding" value="UnicodeLittle"/>
    <property name="sun.jnu.encoding" value="Cp1251"/>
    <property name="java.runtime.name" value="Java(TM) SE Runtime Environment"/>
    <property name="windir" value="C:\Windows"/>
    <property name="PROCESSOR_IDENTIFIER" value="x86 Family 6 Model 42 Stepping 7, GenuineIntel"/>
    <property name="java.specification.name" value="Java Platform API Specification"/>
    <property name="LOCALAPPDATA" value="C:\Users\Hello\AppData\Local"/>
    <property name="user.timezone" value="Europe/Minsk"/>
    <property name="user.script" value=""/>
    <property name="path.separator" value=";"/>
    <property name="NUMBER_OF_PROCESSORS" value="4"/>
    <property name="BUILD_TAG" value="jenkins-Jobr-3"/>
    <property name="windows_tracing_flags" value="3"/>
    <property name="file.encoding" value="Cp1251"/>
    <property name="sun.java.command" value="jenkins.maven3.agent.Maven31Main c:\install\apache-maven-3.2.2\ C:\apache-tomcat-7.0.54\webapps\jenkins\WEB-INF\lib\remoting-2.43.jar C:\Users\Hello\.jenkins\plugins\maven-plugin\WEB-INF\lib\maven31-interceptor-1.5.jar C:\Users\Hello\.jenkins\plugins\maven-plugin\WEB-INF\lib\maven3-interceptor-commons-1.5.jar 19197"/>
    <property name="HUDSON_URL" value="http://localhost:8080/jenkins/"/>
    <property name="JENKINS_SERVER_COOKIE" value="84e4a04f43e3e222"/>
    <property name="EXECUTOR_NUMBER" value="1"/>
    <property name="Path" value="c:\Program Files\Java\jdk1.7.0\/bin;C:\Program Files\NVIDIA Corporation\PhysX\Common;C:\MinGW\bin;C:\MinGW\msys\1.0\bin;C:\Program Files\ImageMagick-6.3.9-Q16;C:\Windows\system32;C:\Windows;C:\Windows\System32\Wbem;C:\Windows\System32\WindowsPowerShell\v1.0\;c:\Program Files\Microsoft SQL Server\100\Tools\Binn\;c:\Program Files\Microsoft SQL Server\100\DTS\Binn\;C:\Program Files\Java\jdk1.7.0\bin\;C:\Program Files\Java\jre7\bin;c:\Qt\4.8.4\bin;C:\Program Files\Microsoft SQL Server\110\Tools\Binn\;c:\install\apache-maven-3.2.2\bin\;C:\Program Files\Git\cmd"/>
    <property name="java.io.tmpdir" value="C:\Users\Hello\AppData\Local\Temp\"/>
    <property name="APPDATA" value="C:\Users\Hello\AppData\Roaming"/>
    <property name="user.language" value="ru"/>
    <property name="CATALINA_TMPDIR" value="c:\apache-tomcat-7.0.54\temp"/>
    <property name="line.separator" value="
"/>
    <property name="BUILD_URL" value="http://localhost:8080/jenkins/job/Jobr/3/"/>
    <property name="JAVA_ENDORSED_DIRS" value="c:\apache-tomcat-7.0.54\endorsed"/>
    <property name="ACTION" value="start"/>
    <property name="M2_HOME" value="c:\install\apache-maven-3.2.2\"/>
    <property name="=C:" value="c:\apache-tomcat-7.0.54\bin"/>
    <property name="java.vm.info" value="mixed mode, sharing"/>
    <property name="sun.desktop" value="windows"/>
    <property name="java.vm.specification.name" value="Java Virtual Machine Specification"/>
    <property name="BUILD_DISPLAY_NAME" value="#3"/>
    <property name="OS" value="Windows_NT"/>
    <property name="guice.disable.misplaced.annotation.check" value="true"/>
    <property name="CATALINA_BASE" value="c:\apache-tomcat-7.0.54"/>
    <property name="HUDSON_SERVER_COOKIE" value="84e4a04f43e3e222"/>
    <property name="JRE_HOME" value="C:\Program Files\Java\jre7"/>
    <property name="_EXECJAVA" value="start &quot;Tomcat&quot; &quot;C:\Program Files\Java\jre7\bin\java&quot;"/>
    <property name="_RUNJAVA" value="&quot;C:\Program Files\Java\jre7\bin\java&quot;"/>
    <property name="MAVEN_HOME" value="c:\install\apache-maven-3.2.2\"/>
    <property name="QMAKESPEC" value="win32-g++"/>
    <property name="SESSIONNAME" value="Console"/>
    <property name="PATHEXT" value=".COM;.EXE;.BAT;.CMD;.VBS;.VBE;.JS;.JSE;.WSF;.WSH;.MSC"/>
    <property name="java.awt.printerjob" value="sun.awt.windows.WPrinterJob"/>
    <property name="maven3.interceptor.common" value="C:\Users\Hello\.jenkins\plugins\maven-plugin\WEB-INF\lib\maven3-interceptor-commons-1.5.jar"/>
    <property name="CLASSPATH" value=""/>
    <property name="LOGGING_CONFIG" value="-Djava.util.logging.config.file=&quot;c:\apache-tomcat-7.0.54\conf\logging.properties&quot;"/>
    <property name="HOMEPATH" value="\Users\Hello"/>
    <property name="os.name" value="Windows 7"/>
    <property name="java.specification.vendor" value="Oracle Corporation"/>
    <property name="FP_NO_HOST_CHECK" value="NO"/>
    <property name="java.vm.name" value="Java HotSpot(TM) Client VM"/>
    <property name="BUILD_NUMBER" value="3"/>
    <property name="maven3.interceptor" value="C:\Users\Hello\.jenkins\plugins\maven-plugin\WEB-INF\lib\maven31-interceptor-1.5.jar"/>
    <property name="java.library.path" value="c:\Program Files\Java\jdk1.7.0\bin;C:\Windows\Sun\Java\bin;C:\Windows\system32;C:\Windows;c:\install\apache-maven-3.2.2\/bin;c:\Program Files\Java\jdk1.7.0\/bin;c:\Program Files\Java\jdk1.7.0\/bin;C:\Program Files\NVIDIA Corporation\PhysX\Common;C:\MinGW\bin;C:\MinGW\msys\1.0\bin;C:\Program Files\ImageMagick-6.3.9-Q16;C:\Windows\system32;C:\Windows;C:\Windows\System32\Wbem;C:\Windows\System32\WindowsPowerShell\v1.0\;c:\Program Files\Microsoft SQL Server\100\Tools\Binn\;c:\Program Files\Microsoft SQL Server\100\DTS\Binn\;C:\Program Files\Java\jdk1.7.0\bin\;C:\Program Files\Java\jre7\bin;c:\Qt\4.8.4\bin;C:\Program Files\Microsoft SQL Server\110\Tools\Binn\;c:\install\apache-maven-3.2.2\bin\;C:\Program Files\Git\cmd;."/>
    <property name="HOMEDRIVE" value="C:"/>
    <property name="POM_GROUPID" value="dk.webdriver.framework"/>
    <property name="POM_ARTIFACTID" value="dk-framework"/>
    <property name="java.class.version" value="51.0"/>
    <property name="LOGGING_MANAGER" value="-Djava.util.logging.manager=org.apache.juli.ClassLoaderLogManager"/>
    <property name="_RUNJDB" value="&quot;C:\Program Files\Java\jdk1.7.0\bin\jdb&quot;"/>
    <property name="JOB_URL" value="http://localhost:8080/jenkins/job/Jobr/"/>
    <property name="QTDIR" value="c:\Qt\4.8.4"/>
    <property name="MAINCLASS" value="org.apache.catalina.startup.Bootstrap"/>
    <property name="JENKINS_HOME" value="C:\Users\Hello\.jenkins"/>
    <property name="BUILD_ID" value="2014-08-09_09-21-06"/>
    <property name="TEMP" value="C:\Users\Hello\AppData\Local\Temp"/>
    <property name="sun.boot.library.path" value="c:\Program Files\Java\jdk1.7.0\jre\bin"/>
    <property name="sun.management.compiler" value="HotSpot Client Compiler"/>
    <property name="java.awt.graphicsenv" value="sun.awt.Win32GraphicsEnvironment"/>
    <property name="user.variant" value=""/>
    <property name="PROCESSOR_REVISION" value="2a07"/>
    <property name="POM_VERSION" value="0.0.1-SNAPSHOT"/>
    <property name="HUDSON_HOME" value="C:\Users\Hello\.jenkins"/>
    <property name="PATH+MAVEN" value="c:\install\apache-maven-3.2.2\/bin"/>
    <property name="PROMPT" value="$P$G"/>
    <property name="CURRENT_DIR" value="c:\apache-tomcat-7.0.54\bin"/>
    <property name="java.vm.specification.version" value="1.7"/>
    <property name="JAVA_HOME" value="c:\Program Files\Java\jdk1.7.0\"/>
    <property name="awt.toolkit" value="sun.awt.windows.WToolkit"/>
    <property name="NODE_LABELS" value="master"/>
    <property name="sun.cpu.isalist" value="pentium_pro+mmx pentium_pro pentium+mmx pentium i486 i386 i86"/>
    <property name="USERPROFILE" value="C:\Users\Hello"/>
    <property name="java.ext.dirs" value="c:\Program Files\Java\jdk1.7.0\jre\lib\ext;C:\Windows\Sun\Java\lib\ext"/>
    <property name="os.version" value="6.1"/>
    <property name="user.home" value="C:\Users\Hello"/>
    <property name="USERNAME" value="Hello"/>
    <property name="java.vm.vendor" value="Oracle Corporation"/>
    <property name="PROCESSOR_LEVEL" value="6"/>
    <property name="COMMANDER_PATH" value="C:\totalcmd"/>
    <property name="user.dir" value="c:\Users\Hello\kpworkspace\dk-framework"/>
    <property name="TMP" value="C:\Users\Hello\AppData\Local\Temp"/>
    <property name="sun.cpu.endian" value="little"/>
    <property name="SystemDrive" value="C:"/>
    <property name="java.vm.version" value="21.0-b17"/>
    <property name="java.class.path" value="C:\Users\Hello\.jenkins\plugins\maven-plugin\WEB-INF\lib\maven31-agent-1.5.jar;c:\install\apache-maven-3.2.2\boot\plexus-classworlds-2.5.1.jar;c:\install\apache-maven-3.2.2/conf/logging"/>
    <property name="org.slf4j.simpleLogger.defaultLogLevel" value="info"/>
    <property name="os.arch" value="x86"/>
    <property name="WORKSPACE" value="C:\Users\Hello\.jenkins\jobs\Jobr\workspace"/>
    <property name="ComSpec" value="C:\Windows\system32\cmd.exe"/>
    <property name="sun.java.launcher" value="SUN_STANDARD"/>
    <property name="SystemRoot" value="C:\Windows"/>
    <property name="CommonProgramFiles" value="C:\Program Files\Common Files"/>
    <property name="java.vm.specification.vendor" value="Oracle Corporation"/>
    <property name="file.separator" value="\"/>
    <property name="java.runtime.version" value="1.7.0-b147"/>
    <property name="ProgramFiles" value="C:\Program Files"/>
    <property name="sun.boot.class.path" value="c:\Program Files\Java\jdk1.7.0\jre\lib\resources.jar;c:\Program Files\Java\jdk1.7.0\jre\lib\rt.jar;c:\Program Files\Java\jdk1.7.0\jre\lib\sunrsasign.jar;c:\Program Files\Java\jdk1.7.0\jre\lib\jsse.jar;c:\Program Files\Java\jdk1.7.0\jre\lib\jce.jar;c:\Program Files\Java\jdk1.7.0\jre\lib\charsets.jar;c:\Program Files\Java\jdk1.7.0\jre\classes"/>
    <property name="PATH+JDK" value="c:\Program Files\Java\jdk1.7.0\/bin"/>
    <property name="user.country" value="RU"/>
    <property name="POM_PACKAGING" value="jar"/>
    <property name="maven.home" value="C:\install\apache-maven-3.2.2"/>
    <property name="java.vendor" value="Oracle Corporation"/>
    <property name="POM_DISPLAYNAME" value="dk-framework"/>
    <property name="java.specification.version" value="1.7"/>
    <property name="sun.arch.data.model" value="32"/>
  </properties>
</testsuite>